
   --- Expanded Deck Component Count ---
C's 1
D's 3
K's 3
L's 4
R's 1
V's 1
tot: 13


    --- Expanded Netlist ---
* C:\users\omar\My Documents\University\IX_Semester\Disenio\Easyrun\Circuit Design\LTspice Simulations\Rectifier.asc
l1 0 n003 64 rser=1
v_red n003 0 sine(0 155.6 60 0 0 90)
d1 n001 n002 1n5819
c1 vo_rect 0 0.000265326409200567 
l2 0 n001 1 
l3 n004 0 1 
d2 n004 n002 1n5819
r_min_11.6v vo_rect 0 14.9961460274 
l4 n002 vo_rect 0.23867107675886 rser=0.4
d3 0 n002 1n5819
k_A0 l1 l2 1
k_A1 l1 l3 1
k_A2 l2 l3 1
.model 1n5819 d(is=31.7u rs=.051 n=1.373 cjo=110p m=.35 eg=.69 xti=2 iave=1 vpk=40 mfg=onsemi type=schottky)
.tran 0 400m 200m uic
.end

Per .tran options, skipping operating point for transient analysis.

Date: Mon May 30 20:11:12 2022
Total elapsed time: 0.097 seconds.

tnom = 27
temp = 27
method = modified trap
totiter = 12598
traniter = 12598
tranpoints = 4378
accept = 3243
rejected = 1135
matrix size = 12
fillins = 8
solver = Normal
Matrix Compiler1: 980 bytes object code size  0.2/0.1/[0.1]
Matrix Compiler2: 1.01 KB object code size  0.1/0.1/[0.1]

